<?xml version="1.0" encoding="UTF-8"?>
<testsuite xmlns:xsi="http://www.w3.org/2001/XMLSchema-instance" xsi:noNamespaceSchemaLocation="https://maven.apache.org/surefire/maven-surefire-plugin/xsd/surefire-test-report.xsd" version="3.0.2" name="com.testcontainers.demo.DemoIntegrationTests" time="13.216" tests="10" errors="0" skipped="0" failures="0">
  <properties>
[...]
</properties>
  <testcase name="testGetAthleteByExistingSurname" classname="com.testcontainers.demo.DemoIntegrationTests" time="1.664">
    <system-out><![CDATA[
  .   ____          _            __ _ _
 /\\ / ___'_ __ _ _(_)_ __  __ _ \ \ \ \
( ( )\___ | '_ | '_| | '_ \/ _` | \ \ \ \
 \\/  ___)| |_)| | | | | || (_| |  ) ) ) )
  '  |____| .__|_| |_|_| |_\__, | / / / /
 =========|_|==============|___/=/_/_/_/

 :: Spring Boot ::                (v3.4.2)

2025-02-11T15:34:53.775+01:00  INFO 33168 --- [demo-testcontainers] [           main] c.t.demo.DemoIntegrationTests            : Starting DemoIntegrationTests using Java 21.0.1 with PID 33168 (started by a453813 in C:\Users\a453813\dev\git\formations\communaute_tech_pessac\demo-testcontainers)
2025-02-11T15:34:53.783+01:00  INFO 33168 --- [demo-testcontainers] [           main] c.t.demo.DemoIntegrationTests            : No active profile set, falling back to 1 default profile: "default"
2025-02-11T15:34:55.921+01:00  INFO 33168 --- [demo-testcontainers] [           main] .s.d.r.c.RepositoryConfigurationDelegate : Bootstrapping Spring Data JPA repositories in DEFAULT mode.
2025-02-11T15:34:56.108+01:00  INFO 33168 --- [demo-testcontainers] [           main] .s.d.r.c.RepositoryConfigurationDelegate : Finished Spring Data repository scanning in 155 ms. Found 1 JPA repository interface.
2025-02-11T15:34:57.573+01:00  INFO 33168 --- [demo-testcontainers] [           main] o.s.b.w.embedded.tomcat.TomcatWebServer  : Tomcat initialized with port 0 (http)
2025-02-11T15:34:57.604+01:00  INFO 33168 --- [demo-testcontainers] [           main] o.apache.catalina.core.StandardService   : Starting service [Tomcat]
2025-02-11T15:34:57.605+01:00  INFO 33168 --- [demo-testcontainers] [           main] o.apache.catalina.core.StandardEngine    : Starting Servlet engine: [Apache Tomcat/10.1.34]
2025-02-11T15:34:57.723+01:00  INFO 33168 --- [demo-testcontainers] [           main] o.a.c.c.C.[Tomcat].[localhost].[/api]    : Initializing Spring embedded WebApplicationContext
2025-02-11T15:34:57.726+01:00  INFO 33168 --- [demo-testcontainers] [           main] w.s.c.ServletWebServerApplicationContext : Root WebApplicationContext: initialization completed in 3898 ms
2025-02-11T15:34:58.128+01:00  INFO 33168 --- [demo-testcontainers] [           main] o.hibernate.jpa.internal.util.LogHelper  : HHH000204: Processing PersistenceUnitInfo [name: default]
2025-02-11T15:34:58.336+01:00  INFO 33168 --- [demo-testcontainers] [           main] org.hibernate.Version                    : HHH000412: Hibernate ORM core version 6.6.5.Final
2025-02-11T15:34:58.447+01:00  INFO 33168 --- [demo-testcontainers] [           main] o.h.c.internal.RegionFactoryInitiator    : HHH000026: Second-level cache disabled
2025-02-11T15:34:59.118+01:00  INFO 33168 --- [demo-testcontainers] [           main] o.s.o.j.p.SpringPersistenceUnitInfo      : No LoadTimeWeaver setup: ignoring JPA class transformer
2025-02-11T15:34:59.157+01:00  INFO 33168 --- [demo-testcontainers] [           main] com.zaxxer.hikari.HikariDataSource       : HikariPool-1 - Starting...
2025-02-11T15:34:59.375+01:00  INFO 33168 --- [demo-testcontainers] [           main] com.zaxxer.hikari.pool.HikariPool        : HikariPool-1 - Added connection conn0: url=jdbc:h2:mem:demo user=SA
2025-02-11T15:34:59.377+01:00  INFO 33168 --- [demo-testcontainers] [           main] com.zaxxer.hikari.HikariDataSource       : HikariPool-1 - Start completed.
2025-02-11T15:34:59.404+01:00  WARN 33168 --- [demo-testcontainers] [           main] org.hibernate.dialect.Dialect            : HHH000511: The 2.3.232 version for [org.hibernate.dialect.PostgreSQLDialect] is no longer supported, hence certain features may not work properly. The minimum supported version is 12.0.0. Check the community dialects project for available legacy versions.
2025-02-11T15:34:59.410+01:00  WARN 33168 --- [demo-testcontainers] [           main] org.hibernate.orm.deprecation            : HHH90000025: PostgreSQLDialect does not need to be specified explicitly using 'hibernate.dialect' (remove the property setting and it will be selected by default)
2025-02-11T15:34:59.436+01:00  INFO 33168 --- [demo-testcontainers] [           main] org.hibernate.orm.connections.pooling    : HHH10001005: Database info:
	Database JDBC URL [Connecting through datasource 'HikariDataSource (HikariPool-1)']
	Database driver: undefined/unknown
	Database version: 2.3.232
	Autocommit mode: undefined/unknown
	Isolation level: undefined/unknown
	Minimum pool size: undefined/unknown
	Maximum pool size: undefined/unknown
2025-02-11T15:35:00.378+01:00  INFO 33168 --- [demo-testcontainers] [           main] o.h.e.t.j.p.i.JtaPlatformInitiator       : HHH000489: No JTA platform available (set 'hibernate.transaction.jta.platform' to enable JTA platform integration)
2025-02-11T15:35:00.447+01:00  INFO 33168 --- [demo-testcontainers] [           main] j.LocalContainerEntityManagerFactoryBean : Initialized JPA EntityManagerFactory for persistence unit 'default'
2025-02-11T15:35:01.583+01:00  WARN 33168 --- [demo-testcontainers] [           main] JpaBaseConfiguration$JpaWebConfiguration : spring.jpa.open-in-view is enabled by default. Therefore, database queries may be performed during view rendering. Explicitly configure spring.jpa.open-in-view to disable this warning
2025-02-11T15:35:02.609+01:00  INFO 33168 --- [demo-testcontainers] [           main] o.s.b.a.h2.H2ConsoleAutoConfiguration    : H2 console available at '/h2-console'. Database available at 'jdbc:h2:mem:demo'
2025-02-11T15:35:02.862+01:00  INFO 33168 --- [demo-testcontainers] [           main] o.a.c.c.C.[Tomcat].[localhost].[/api]    : Initializing Spring TestDispatcherServlet ''
2025-02-11T15:35:02.862+01:00  INFO 33168 --- [demo-testcontainers] [           main] o.s.t.web.servlet.TestDispatcherServlet  : Initializing Servlet ''
2025-02-11T15:35:02.866+01:00  INFO 33168 --- [demo-testcontainers] [           main] o.s.t.web.servlet.TestDispatcherServlet  : Completed initialization in 2 ms
2025-02-11T15:35:03.383+01:00  INFO 33168 --- [demo-testcontainers] [           main] o.s.b.w.embedded.tomcat.TomcatWebServer  : Tomcat started on port 17198 (http) with context path '/api'
2025-02-11T15:35:03.406+01:00  INFO 33168 --- [demo-testcontainers] [           main] c.t.demo.DemoIntegrationTests            : Started DemoIntegrationTests in 10.371 seconds (process running for 12.513)
]]></system-out>
    <system-err><![CDATA[Mockito is currently self-attaching to enable the inline-mock-maker. This will no longer work in future releases of the JDK. Please add Mockito as an agent to your build what is described in Mockito's documentation: https://javadoc.io/doc/org.mockito/mockito-core/latest/org/mockito/Mockito.html#0.3
WARNING: A Java agent has been loaded dynamically (C:\Users\a453813\dev\.m2\net\bytebuddy\byte-buddy-agent\1.15.11\byte-buddy-agent-1.15.11.jar)
WARNING: If a serviceability tool is in use, please run with -XX:+EnableDynamicAgentLoading to hide this warning
WARNING: If a serviceability tool is not in use, please run with -Djdk.instrument.traceUsage for more information
WARNING: Dynamic loading of agents will be disallowed by default in a future release
]]></system-err>
  </testcase>
  <testcase name="testGetAthleteByNotExistingSport" classname="com.testcontainers.demo.DemoIntegrationTests" time="0.014"/>
  <testcase name="testDeleteAthleteNotExisting" classname="com.testcontainers.demo.DemoIntegrationTests" time="0.069">
    <system-out><![CDATA[2025-02-11T15:35:05.153+01:00 ERROR 33168 --- [demo-testcontainers] [           main] c.t.d.exception.CustomExceptionHandler   : Pas d'athlète pour l'id 10
]]></system-out>
  </testcase>
  <testcase name="testGetAthleteByNotExistingSurname" classname="com.testcontainers.demo.DemoIntegrationTests" time="0.011"/>
  <testcase name="testGetAthleteByNotExistingId" classname="com.testcontainers.demo.DemoIntegrationTests" time="0.013">
    <system-out><![CDATA[2025-02-11T15:35:05.194+01:00 ERROR 33168 --- [demo-testcontainers] [           main] c.t.d.exception.CustomExceptionHandler   : Pas d'athlète pour l'id 11
]]></system-out>
  </testcase>
  <testcase name="testCreateAthlete" classname="com.testcontainers.demo.DemoIntegrationTests" time="0.318"/>
  <testcase name="testGetAthleteBySport" classname="com.testcontainers.demo.DemoIntegrationTests" time="0.012"/>
  <testcase name="testGetAthleteByExistingId" classname="com.testcontainers.demo.DemoIntegrationTests" time="0.011"/>
  <testcase name="testUpdateAthleteNotExisting" classname="com.testcontainers.demo.DemoIntegrationTests" time="0.01">
    <system-out><![CDATA[2025-02-11T15:35:05.553+01:00 ERROR 33168 --- [demo-testcontainers] [           main] c.t.d.exception.CustomExceptionHandler   : Pas d'athlète pour l'id 10
]]></system-out>
  </testcase>
  <testcase name="testGetAll" classname="com.testcontainers.demo.DemoIntegrationTests" time="0.023"/>
</testsuite>