<?xml version="1.0" encoding="UTF-8"?>
<testsuite xmlns:xsi="http://www.w3.org/2001/XMLSchema-instance" xsi:noNamespaceSchemaLocation="https://maven.apache.org/surefire/maven-surefire-plugin/xsd/surefire-test-report.xsd" version="3.0.2" name="com.testcontainers.demo.service.AthleteServiceImplTest" time="0.911" tests="11" errors="0" skipped="0" failures="0">
  <properties>
[...]
</properties>
  <testcase name="testGetAthleteByCountryOk" classname="com.testcontainers.demo.service.AthleteServiceImplTest" time="0.181"/>
  <testcase name="testUpdateteAthleteOk" classname="com.testcontainers.demo.service.AthleteServiceImplTest" time="0.009"/>
  <testcase name="testGetAthleteBySurnameOk" classname="com.testcontainers.demo.service.AthleteServiceImplTest" time="0.007"/>
  <testcase name="testDeleteAthleteKo" classname="com.testcontainers.demo.service.AthleteServiceImplTest" time="0.017"/>
  <testcase name="testDeleteAthleteOk" classname="com.testcontainers.demo.service.AthleteServiceImplTest" time="0.011"/>
  <testcase name="testUpdateAthleteKo" classname="com.testcontainers.demo.service.AthleteServiceImplTest" time="0.008"/>
  <testcase name="testCreateAthlete" classname="com.testcontainers.demo.service.AthleteServiceImplTest" time="0.007"/>
  <testcase name="testGetAthleteByIdKo" classname="com.testcontainers.demo.service.AthleteServiceImplTest" time="0.006"/>
  <testcase name="testGetAthleteByIdOk" classname="com.testcontainers.demo.service.AthleteServiceImplTest" time="0.009"/>
  <testcase name="testGetAthleteBySportOk" classname="com.testcontainers.demo.service.AthleteServiceImplTest" time="0.005"/>
  <testcase name="testGetAllAthletesOk" classname="com.testcontainers.demo.service.AthleteServiceImplTest" time="0.005"/>
</testsuite>